<?xml version="1.0" encoding="UTF-8"?>
<!-- Generated by org.testng.reporters.JUnitReportReporter -->
<testsuite hostname="LAPTOP-J7A69R0D" failures="0" tests="3" name="TC01_Create_GistTest" time="3.920" errors="0" timestamp="2022-03-19T21:25:55 PDT" skipped="0">
  <testcase classname="TC01_Create_GistTest" name="mandatoryFileParameterTest" time="1.106"/>
  <system-out/>
  <testcase classname="TC01_Create_GistTest" name="mandatoryUserAgentTest" time="0.008"/>
  <system-out/>
  <testcase classname="TC01_Create_GistTest" name="createGistTest" time="2.806"/>
  <system-out/>
</testsuite> <!-- TC01_Create_GistTest -->
