<?xml version="1.0" encoding="UTF-8"?>
<!-- Generated by org.testng.reporters.JUnitReportReporter -->
<testsuite hostname="LAPTOP-J7A69R0D" failures="0" tests="1" name="Create_GistTest" time="6.093" errors="0" timestamp="2022-03-22T12:24:25 PDT" skipped="0">
  <testcase classname="Create_GistTest" name="createGistTest" time="6.093"/>
  <system-out/>
</testsuite> <!-- Create_GistTest -->
